<?xml version="1.0" encoding="UTF-8"?>
<testng-results skipped="0" failed="0" ignored="0" total="1" passed="1">
  <reporter-output>
  </reporter-output>
  <suite name="Default suite" duration-ms="43144" started-at="2022-05-17T06:23:22Z" finished-at="2022-05-17T06:24:06Z">
    <groups>
    </groups>
    <test name="Default test" duration-ms="43144" started-at="2022-05-17T06:23:22Z" finished-at="2022-05-17T06:24:06Z">
      <class name="bookFlights.FlightBooking">
        <test-method status="PASS" signature="configBS()[pri:0, instance:bookFlights.FlightBooking@3abbfa04]" name="configBS" is-config="true" duration-ms="405" started-at="2022-05-17T06:23:22Z" finished-at="2022-05-17T06:23:22Z">
          <reporter-output>
          </reporter-output>
        </test-method> <!-- configBS -->
        <test-method status="PASS" signature="configBC()[pri:0, instance:bookFlights.FlightBooking@3abbfa04]" name="configBC" is-config="true" duration-ms="9804" started-at="2022-05-17T06:23:22Z" finished-at="2022-05-17T06:23:32Z">
          <reporter-output>
          </reporter-output>
        </test-method> <!-- configBC -->
        <test-method status="PASS" signature="configBM()[pri:0, instance:bookFlights.FlightBooking@3abbfa04]" name="configBM" is-config="true" duration-ms="0" started-at="2022-05-17T06:23:32Z" finished-at="2022-05-17T06:23:32Z">
          <reporter-output>
          </reporter-output>
        </test-method> <!-- configBM -->
        <test-method status="PASS" signature="flightFromTo()[pri:0, instance:bookFlights.FlightBooking@3abbfa04]" name="flightFromTo" duration-ms="32418" started-at="2022-05-17T06:23:32Z" finished-at="2022-05-17T06:24:05Z">
          <reporter-output>
          </reporter-output>
        </test-method> <!-- flightFromTo -->
        <test-method status="PASS" signature="configAM()[pri:0, instance:bookFlights.FlightBooking@3abbfa04]" name="configAM" is-config="true" duration-ms="0" started-at="2022-05-17T06:24:05Z" finished-at="2022-05-17T06:24:05Z">
          <reporter-output>
          </reporter-output>
        </test-method> <!-- configAM -->
        <test-method status="PASS" signature="configAC()[pri:0, instance:bookFlights.FlightBooking@3abbfa04]" name="configAC" is-config="true" duration-ms="885" started-at="2022-05-17T06:24:05Z" finished-at="2022-05-17T06:24:06Z">
          <reporter-output>
          </reporter-output>
        </test-method> <!-- configAC -->
        <test-method status="PASS" signature="configAS()[pri:0, instance:bookFlights.FlightBooking@3abbfa04]" name="configAS" is-config="true" duration-ms="95" started-at="2022-05-17T06:24:06Z" finished-at="2022-05-17T06:24:06Z">
          <reporter-output>
          </reporter-output>
        </test-method> <!-- configAS -->
      </class> <!-- bookFlights.FlightBooking -->
    </test> <!-- Default test -->
  </suite> <!-- Default suite -->
</testng-results>
